[0.080s] DEBUG:colcon:Command line arguments: ['/usr/bin/colcon', 'build']
[0.080s] DEBUG:colcon:Parsed command line arguments: Namespace(log_base=None, log_level=None, verb_name='build', build_base='build', install_base='install', merge_install=False, symlink_install=False, test_result_base=None, continue_on_error=False, executor='parallel', parallel_workers=8, event_handlers=None, ignore_user_meta=False, metas=['./colcon.meta'], base_paths=['.'], packages_ignore=None, packages_ignore_regex=None, paths=None, packages_up_to=None, packages_up_to_regex=None, packages_above=None, packages_above_and_dependencies=None, packages_above_depth=None, packages_select_by_dep=None, packages_skip_by_dep=None, packages_skip_up_to=None, packages_select_build_failed=False, packages_skip_build_finished=False, packages_select_test_failures=False, packages_skip_test_passed=False, packages_select=None, packages_skip=None, packages_select_regex=None, packages_skip_regex=None, packages_start=None, packages_end=None, allow_overriding=[], cmake_args=None, cmake_target=None, cmake_target_skip_unavailable=False, cmake_clean_cache=False, cmake_clean_first=False, cmake_force_configure=False, ament_cmake_args=None, catkin_cmake_args=None, catkin_skip_building_tests=False, mixin_files=None, mixin=None, verb_parser=<colcon_mixin.mixin.mixin_argument.MixinArgumentDecorator object at 0x7637740eeb60>, verb_extension=<colcon_core.verb.build.BuildVerb object at 0x7637741df1c0>, main=<bound method BuildVerb.main of <colcon_core.verb.build.BuildVerb object at 0x7637741df1c0>>, mixin_verb=('build',))
[0.216s] Level 1:colcon.colcon_core.package_discovery:discover_packages(colcon_meta) check parameters
[0.216s] Level 1:colcon.colcon_core.package_discovery:discover_packages(recursive) check parameters
[0.216s] Level 1:colcon.colcon_core.package_discovery:discover_packages(ignore) check parameters
[0.216s] Level 1:colcon.colcon_core.package_discovery:discover_packages(path) check parameters
[0.216s] Level 1:colcon.colcon_core.package_discovery:discover_packages(colcon_meta) discover
[0.216s] Level 1:colcon.colcon_core.package_discovery:discover_packages(recursive) discover
[0.216s] INFO:colcon.colcon_core.package_discovery:Crawling recursively for packages in '/home/michael/Documents/project-cs460'
[0.216s] Level 1:colcon.colcon_core.package_identification:_identify(.) by extensions ['ignore', 'ignore_ament_install']
[0.217s] Level 1:colcon.colcon_core.package_identification:_identify(.) by extension 'ignore'
[0.217s] Level 1:colcon.colcon_core.package_identification:_identify(.) by extension 'ignore_ament_install'
[0.217s] Level 1:colcon.colcon_core.package_identification:_identify(.) by extensions ['colcon_pkg']
[0.217s] Level 1:colcon.colcon_core.package_identification:_identify(.) by extension 'colcon_pkg'
[0.217s] Level 1:colcon.colcon_core.package_identification:_identify(.) by extensions ['colcon_meta']
[0.217s] Level 1:colcon.colcon_core.package_identification:_identify(.) by extension 'colcon_meta'
[0.217s] Level 1:colcon.colcon_core.package_identification:_identify(.) by extensions ['ros']
[0.217s] Level 1:colcon.colcon_core.package_identification:_identify(.) by extension 'ros'
[0.227s] DEBUG:colcon.colcon_core.package_identification:Package '.' with type 'ros.ament_python' and name 'project-cs460'
[0.228s] Level 1:colcon.colcon_core.package_discovery:discover_packages(recursive) using defaults
[0.228s] Level 1:colcon.colcon_core.package_discovery:discover_packages(ignore) discover
[0.228s] Level 1:colcon.colcon_core.package_discovery:discover_packages(ignore) using defaults
[0.228s] Level 1:colcon.colcon_core.package_discovery:discover_packages(path) discover
[0.228s] Level 1:colcon.colcon_core.package_discovery:discover_packages(path) using defaults
[0.251s] Level 1:colcon.colcon_core.package_discovery:discover_packages(prefix_path) check parameters
[0.251s] Level 1:colcon.colcon_core.package_discovery:discover_packages(prefix_path) discover
[0.252s] WARNING:colcon.colcon_core.prefix_path.colcon:The path '/home/michael/Documents/project-cs460/project-cs460/install' in the environment variable COLCON_PREFIX_PATH doesn't exist
[0.254s] DEBUG:colcon.colcon_installed_package_information.package_discovery:Found 385 installed packages in /opt/ros/humble
[0.255s] Level 1:colcon.colcon_core.package_discovery:discover_packages(prefix_path) using defaults
[0.293s] Level 5:colcon.colcon_core.verb:set package 'project-cs460' build argument 'cmake_args' from command line to 'None'
[0.294s] Level 5:colcon.colcon_core.verb:set package 'project-cs460' build argument 'cmake_target' from command line to 'None'
[0.294s] Level 5:colcon.colcon_core.verb:set package 'project-cs460' build argument 'cmake_target_skip_unavailable' from command line to 'False'
[0.294s] Level 5:colcon.colcon_core.verb:set package 'project-cs460' build argument 'cmake_clean_cache' from command line to 'False'
[0.294s] Level 5:colcon.colcon_core.verb:set package 'project-cs460' build argument 'cmake_clean_first' from command line to 'False'
[0.294s] Level 5:colcon.colcon_core.verb:set package 'project-cs460' build argument 'cmake_force_configure' from command line to 'False'
[0.294s] Level 5:colcon.colcon_core.verb:set package 'project-cs460' build argument 'ament_cmake_args' from command line to 'None'
[0.294s] Level 5:colcon.colcon_core.verb:set package 'project-cs460' build argument 'catkin_cmake_args' from command line to 'None'
[0.294s] Level 5:colcon.colcon_core.verb:set package 'project-cs460' build argument 'catkin_skip_building_tests' from command line to 'False'
[0.294s] DEBUG:colcon.colcon_core.verb:Building package 'project-cs460' with the following arguments: {'ament_cmake_args': None, 'build_base': '/home/michael/Documents/project-cs460/build/project-cs460', 'catkin_cmake_args': None, 'catkin_skip_building_tests': False, 'cmake_args': None, 'cmake_clean_cache': False, 'cmake_clean_first': False, 'cmake_force_configure': False, 'cmake_target': None, 'cmake_target_skip_unavailable': False, 'install_base': '/home/michael/Documents/project-cs460/install/project-cs460', 'merge_install': False, 'path': '/home/michael/Documents/project-cs460', 'symlink_install': False, 'test_result_base': None}
[0.294s] INFO:colcon.colcon_core.executor:Executing jobs using 'parallel' executor
[0.295s] DEBUG:colcon.colcon_parallel_executor.executor.parallel:run_until_complete
[0.295s] INFO:colcon.colcon_ros.task.ament_python.build:Building ROS package in '/home/michael/Documents/project-cs460' with build type 'ament_python'
[0.296s] Level 1:colcon.colcon_core.shell:create_environment_hook('project-cs460', 'ament_prefix_path')
[0.297s] INFO:colcon.colcon_core.plugin_system:Skipping extension 'colcon_core.shell.bat': Not used on non-Windows systems
[0.297s] INFO:colcon.colcon_core.shell:Creating environment hook '/home/michael/Documents/project-cs460/install/project-cs460/share/project-cs460/hook/ament_prefix_path.ps1'
[0.298s] INFO:colcon.colcon_core.shell:Creating environment descriptor '/home/michael/Documents/project-cs460/install/project-cs460/share/project-cs460/hook/ament_prefix_path.dsv'
[0.308s] INFO:colcon.colcon_core.shell:Creating environment hook '/home/michael/Documents/project-cs460/install/project-cs460/share/project-cs460/hook/ament_prefix_path.sh'
[0.311s] INFO:colcon.colcon_core.shell:Skip shell extension 'powershell' for command environment: Not usable outside of PowerShell
[0.311s] DEBUG:colcon.colcon_core.shell:Skip shell extension 'dsv' for command environment
[0.508s] INFO:colcon.colcon_core.task.python.build:Building Python package in '/home/michael/Documents/project-cs460'
[0.508s] INFO:colcon.colcon_core.shell:Skip shell extension 'powershell' for command environment: Not usable outside of PowerShell
[0.508s] DEBUG:colcon.colcon_core.shell:Skip shell extension 'dsv' for command environment
[0.798s] DEBUG:colcon.colcon_core.event_handler.log_command:Invoking command in '/home/michael/Documents/project-cs460': PYTHONPATH=/home/michael/Documents/project-cs460/build/project-cs460/prefix_override:/usr/lib/python3/dist-packages/colcon_core/task/python/colcon_distutils_commands:/home/michael/Documents/project-cs460/install/project-cs460/lib/python3.10/site-packages:${PYTHONPATH} /usr/bin/python3 -W ignore:setup.py install is deprecated setup.py egg_info --egg-base build/project-cs460 build --build-base /home/michael/Documents/project-cs460/build/project-cs460/build install --record /home/michael/Documents/project-cs460/build/project-cs460/install.log --single-version-externally-managed install_data
[1.100s] DEBUG:colcon.colcon_core.event_handler.log_command:Invoked command in '/home/michael/Documents/project-cs460' returned '0': PYTHONPATH=/home/michael/Documents/project-cs460/build/project-cs460/prefix_override:/usr/lib/python3/dist-packages/colcon_core/task/python/colcon_distutils_commands:/home/michael/Documents/project-cs460/install/project-cs460/lib/python3.10/site-packages:${PYTHONPATH} /usr/bin/python3 -W ignore:setup.py install is deprecated setup.py egg_info --egg-base build/project-cs460 build --build-base /home/michael/Documents/project-cs460/build/project-cs460/build install --record /home/michael/Documents/project-cs460/build/project-cs460/install.log --single-version-externally-managed install_data
[1.102s] Level 1:colcon.colcon_core.environment:checking '/home/michael/Documents/project-cs460/install/project-cs460' for CMake module files
[1.102s] Level 1:colcon.colcon_core.environment:checking '/home/michael/Documents/project-cs460/install/project-cs460' for CMake config files
[1.103s] Level 1:colcon.colcon_core.environment:checking '/home/michael/Documents/project-cs460/install/project-cs460/lib'
[1.103s] Level 1:colcon.colcon_core.environment:checking '/home/michael/Documents/project-cs460/install/project-cs460/bin'
[1.103s] Level 1:colcon.colcon_core.environment:checking '/home/michael/Documents/project-cs460/install/project-cs460/lib/pkgconfig/project-cs460.pc'
[1.103s] Level 1:colcon.colcon_core.environment:checking '/home/michael/Documents/project-cs460/install/project-cs460/lib/python3.10/site-packages'
[1.103s] Level 1:colcon.colcon_core.shell:create_environment_hook('project-cs460', 'pythonpath')
[1.104s] INFO:colcon.colcon_core.shell:Creating environment hook '/home/michael/Documents/project-cs460/install/project-cs460/share/project-cs460/hook/pythonpath.ps1'
[1.104s] INFO:colcon.colcon_core.shell:Creating environment descriptor '/home/michael/Documents/project-cs460/install/project-cs460/share/project-cs460/hook/pythonpath.dsv'
[1.128s] INFO:colcon.colcon_core.shell:Creating environment hook '/home/michael/Documents/project-cs460/install/project-cs460/share/project-cs460/hook/pythonpath.sh'
[1.130s] Level 1:colcon.colcon_core.environment:checking '/home/michael/Documents/project-cs460/install/project-cs460/bin'
[1.130s] Level 1:colcon.colcon_core.environment:create_environment_scripts_only(project-cs460)
[1.131s] INFO:colcon.colcon_core.shell:Creating package script '/home/michael/Documents/project-cs460/install/project-cs460/share/project-cs460/package.ps1'
[1.132s] INFO:colcon.colcon_core.shell:Creating package descriptor '/home/michael/Documents/project-cs460/install/project-cs460/share/project-cs460/package.dsv'
[1.134s] INFO:colcon.colcon_core.shell:Creating package script '/home/michael/Documents/project-cs460/install/project-cs460/share/project-cs460/package.sh'
[1.136s] INFO:colcon.colcon_core.shell:Creating package script '/home/michael/Documents/project-cs460/install/project-cs460/share/project-cs460/package.bash'
[1.137s] INFO:colcon.colcon_core.shell:Creating package script '/home/michael/Documents/project-cs460/install/project-cs460/share/project-cs460/package.zsh'
[1.139s] Level 1:colcon.colcon_core.environment:create_file_with_runtime_dependencies(/home/michael/Documents/project-cs460/install/project-cs460/share/colcon-core/packages/project-cs460)
[1.140s] DEBUG:colcon.colcon_parallel_executor.executor.parallel:closing loop
[1.140s] DEBUG:colcon.colcon_parallel_executor.executor.parallel:loop closed
[1.141s] DEBUG:colcon.colcon_parallel_executor.executor.parallel:run_until_complete finished with '0'
[1.141s] DEBUG:colcon.colcon_core.event_reactor:joining thread
[1.146s] INFO:colcon.colcon_core.plugin_system:Skipping extension 'colcon_notification.desktop_notification.terminal_notifier': Not used on non-Darwin systems
[1.146s] INFO:colcon.colcon_core.plugin_system:Skipping extension 'colcon_notification.desktop_notification.win32': Not used on non-Windows systems
[1.146s] INFO:colcon.colcon_notification.desktop_notification:Sending desktop notification using 'notify2'
[1.157s] DEBUG:colcon.colcon_core.event_reactor:joined thread
[1.158s] INFO:colcon.colcon_core.shell:Creating prefix script '/home/michael/Documents/project-cs460/install/local_setup.ps1'
[1.159s] INFO:colcon.colcon_core.shell:Creating prefix util module '/home/michael/Documents/project-cs460/install/_local_setup_util_ps1.py'
[1.191s] INFO:colcon.colcon_core.shell:Creating prefix chain script '/home/michael/Documents/project-cs460/install/setup.ps1'
[1.193s] INFO:colcon.colcon_core.shell:Creating prefix script '/home/michael/Documents/project-cs460/install/local_setup.sh'
[1.194s] INFO:colcon.colcon_core.shell:Creating prefix util module '/home/michael/Documents/project-cs460/install/_local_setup_util_sh.py'
[1.195s] INFO:colcon.colcon_core.shell:Creating prefix chain script '/home/michael/Documents/project-cs460/install/setup.sh'
[1.197s] INFO:colcon.colcon_core.shell:Creating prefix script '/home/michael/Documents/project-cs460/install/local_setup.bash'
[1.198s] INFO:colcon.colcon_core.shell:Creating prefix chain script '/home/michael/Documents/project-cs460/install/setup.bash'
[1.200s] INFO:colcon.colcon_core.shell:Creating prefix script '/home/michael/Documents/project-cs460/install/local_setup.zsh'
[1.201s] INFO:colcon.colcon_core.shell:Creating prefix chain script '/home/michael/Documents/project-cs460/install/setup.zsh'
