[0.502s] Invoking command in '/home/michael/Documents/project-cs460': PYTHONPATH=/home/michael/Documents/project-cs460/build/project-cs460/prefix_override:/usr/lib/python3/dist-packages/colcon_core/task/python/colcon_distutils_commands:/home/michael/Documents/project-cs460/install/project-cs460/lib/python3.10/site-packages:${PYTHONPATH} /usr/bin/python3 -W ignore:setup.py install is deprecated setup.py egg_info --egg-base build/project-cs460 build --build-base /home/michael/Documents/project-cs460/build/project-cs460/build install --record /home/michael/Documents/project-cs460/build/project-cs460/install.log --single-version-externally-managed install_data
[0.687s] running egg_info
[0.687s] writing build/project-cs460/project_cs460.egg-info/PKG-INFO
[0.688s] writing dependency_links to build/project-cs460/project_cs460.egg-info/dependency_links.txt
[0.726s] writing entry points to build/project-cs460/project_cs460.egg-info/entry_points.txt
[0.726s] writing requirements to build/project-cs460/project_cs460.egg-info/requires.txt
[0.727s] writing top-level names to build/project-cs460/project_cs460.egg-info/top_level.txt
[0.734s] reading manifest file 'build/project-cs460/project_cs460.egg-info/SOURCES.txt'
[0.735s] adding license file 'LICENSE'
[0.736s] writing manifest file 'build/project-cs460/project_cs460.egg-info/SOURCES.txt'
[0.737s] running build
[0.737s] running build_py
[0.737s] running install
[0.738s] running install_lib
[0.739s] running install_data
[0.739s] running install_egg_info
[0.743s] removing '/home/michael/Documents/project-cs460/install/project-cs460/lib/python3.10/site-packages/project_cs460-0.0.0-py3.10.egg-info' (and everything under it)
[0.743s] Copying build/project-cs460/project_cs460.egg-info to /home/michael/Documents/project-cs460/install/project-cs460/lib/python3.10/site-packages/project_cs460-0.0.0-py3.10.egg-info
[0.744s] running install_scripts
[0.759s] Installing my_robot_driver script to /home/michael/Documents/project-cs460/install/project-cs460/lib/project-cs460
[0.759s] writing list of installed files to '/home/michael/Documents/project-cs460/build/project-cs460/install.log'
[0.805s] Invoked command in '/home/michael/Documents/project-cs460' returned '0': PYTHONPATH=/home/michael/Documents/project-cs460/build/project-cs460/prefix_override:/usr/lib/python3/dist-packages/colcon_core/task/python/colcon_distutils_commands:/home/michael/Documents/project-cs460/install/project-cs460/lib/python3.10/site-packages:${PYTHONPATH} /usr/bin/python3 -W ignore:setup.py install is deprecated setup.py egg_info --egg-base build/project-cs460 build --build-base /home/michael/Documents/project-cs460/build/project-cs460/build install --record /home/michael/Documents/project-cs460/build/project-cs460/install.log --single-version-externally-managed install_data
